# JRE version: Java(TM) SE Runtime Environment (8.0_111-b14) (build 1.8.0_111-b14)
# Java VM: Java HotSpot(TM) 64-Bit Server VM (25.111-b14 mixed mode linux-amd64 compressed oops)
Heap:
 PSYoungGen      total 2372608K, used 389267K [0x0000000670e00000, 0x0000000768d80000, 0x00000007c0000000)
  eden space 917504K, 0% used [0x0000000670e00000,0x0000000670e00000,0x00000006a8e00000)
  from space 1455104K, 26% used [0x00000006a8e00000,0x00000006c0a24c50,0x0000000701b00000)
  to   space 1411584K, 0% used [0x0000000712b00000,0x0000000712b00000,0x0000000768d80000)
 ParOldGen       total 9108480K, used 9108069K [0x00000003d2a00000, 0x00000005fe900000, 0x0000000670e00000)
  object space 9108480K, 99% used [0x00000003d2a00000,0x00000005fe899428,0x00000005fe900000)
 Metaspace       used 9807K, capacity 9996K, committed 10240K, reserved 1058816K
  class space    used 1135K, capacity 1218K, committed 1280K, reserved 1048576K
GC Heap History (10 events):
Event: 43.030 GC heap after
Heap after GC invocations=12 (full 4):
 PSYoungGen      total 1511936K, used 786432K [0x0000000670e00000, 0x0000000724d80000, 0x00000007c0000000)
  eden space 725504K, 0% used [0x0000000670e00000,0x0000000670e00000,0x000000069d280000)
  from space 786432K, 100% used [0x00000006db180000,0x000000070b180000,0x000000070b180000)
  to   space 1014784K, 0% used [0x000000069d280000,0x000000069d280000,0x00000006db180000)
 ParOldGen       total 4279808K, used 3193850K [0x00000003d2a00000, 0x00000004d7d80000, 0x0000000670e00000)
  object space 4279808K, 74% used [0x00000003d2a00000,0x00000004958fe860,0x00000004d7d80000)
 Metaspace       used 8785K, capacity 8940K, committed 9088K, reserved 1056768K
  class space    used 1003K, capacity 1058K, committed 1152K, reserved 1048576K
}
Event: 43.782 GC heap before
{Heap before GC invocations=13 (full 4):
 PSYoungGen      total 1511936K, used 1511936K [0x0000000670e00000, 0x0000000724d80000, 0x00000007c0000000)
  eden space 725504K, 100% used [0x0000000670e00000,0x000000069d280000,0x000000069d280000)
  from space 786432K, 100% used [0x00000006db180000,0x000000070b180000,0x000000070b180000)
  to   space 1014784K, 0% used [0x000000069d280000,0x000000069d280000,0x00000006db180000)
 ParOldGen       total 4279808K, used 3193850K [0x00000003d2a00000, 0x00000004d7d80000, 0x0000000670e00000)
  object space 4279808K, 74% used [0x00000003d2a00000,0x00000004958fe860,0x00000004d7d80000)
 Metaspace       used 8785K, capacity 8940K, committed 9088K, reserved 1056768K
  class space    used 1003K, capacity 1058K, committed 1152K, reserved 1048576K
Event: 50.395 GC heap after
Heap after GC invocations=13 (full 4):
 PSYoungGen      total 1740288K, used 1014784K [0x0000000670e00000, 0x0000000755580000, 0x00000007c0000000)
  eden space 725504K, 0% used [0x0000000670e00000,0x0000000670e00000,0x000000069d280000)
  from space 1014784K, 100% used [0x000000069d280000,0x00000006db180000,0x00000006db180000)
  to   space 1370624K, 0% used [0x0000000701b00000,0x0000000701b00000,0x0000000755580000)
 ParOldGen       total 4279808K, used 3693194K [0x00000003d2a00000, 0x00000004d7d80000, 0x0000000670e00000)
  object space 4279808K, 86% used [0x00000003d2a00000,0x00000004b40a2860,0x00000004d7d80000)
 Metaspace       used 8785K, capacity 8940K, committed 9088K, reserved 1056768K
  class space    used 1003K, capacity 1058K, committed 1152K, reserved 1048576K
}
Event: 50.395 GC heap before
{Heap before GC invocations=14 (full 5):
 PSYoungGen      total 1740288K, used 1014784K [0x0000000670e00000, 0x0000000755580000, 0x00000007c0000000)
  eden space 725504K, 0% used [0x0000000670e00000,0x0000000670e00000,0x000000069d280000)
  from space 1014784K, 100% used [0x000000069d280000,0x00000006db180000,0x00000006db180000)
  to   space 1370624K, 0% used [0x0000000701b00000,0x0000000701b00000,0x0000000755580000)
 ParOldGen       total 4279808K, used 3693194K [0x00000003d2a00000, 0x00000004d7d80000, 0x0000000670e00000)
  object space 4279808K, 86% used [0x00000003d2a00000,0x00000004b40a2860,0x00000004d7d80000)
 Metaspace       used 8785K, capacity 8940K, committed 9088K, reserved 1056768K
  class space    used 1003K, capacity 1058K, committed 1152K, reserved 1048576K
Event: 63.622 GC heap after
Heap after GC invocations=14 (full 5):
 PSYoungGen      total 1740288K, used 424545K [0x0000000670e00000, 0x0000000755580000, 0x00000007c0000000)
  eden space 725504K, 0% used [0x0000000670e00000,0x0000000670e00000,0x000000069d280000)
  from space 1014784K, 41% used [0x000000069d280000,0x00000006b7118400,0x00000006db180000)
  to   space 1370624K, 0% used [0x0000000701b00000,0x0000000701b00000,0x0000000755580000)
 ParOldGen       total 5786112K, used 4279498K [0x00000003d2a00000, 0x0000000533c80000, 0x0000000670e00000)
  object space 5786112K, 73% used [0x00000003d2a00000,0x00000004d7d32a68,0x0000000533c80000)
 Metaspace       used 8785K, capacity 8940K, committed 9088K, reserved 1056768K
  class space    used 1003K, capacity 1058K, committed 1152K, reserved 1048576K
}
Event: 64.372 GC heap before
{Heap before GC invocations=15 (full 5):
 PSYoungGen      total 1740288K, used 1150049K [0x0000000670e00000, 0x0000000755580000, 0x00000007c0000000)
  eden space 725504K, 100% used [0x0000000670e00000,0x000000069d280000,0x000000069d280000)
  from space 1014784K, 41% used [0x000000069d280000,0x00000006b7118400,0x00000006db180000)
  to   space 1370624K, 0% used [0x0000000701b00000,0x0000000701b00000,0x0000000755580000)
 ParOldGen       total 5786112K, used 4279498K [0x00000003d2a00000, 0x0000000533c80000, 0x0000000670e00000)
  object space 5786112K, 73% used [0x00000003d2a00000,0x00000004d7d32a68,0x0000000533c80000)
 Metaspace       used 8785K, capacity 8940K, committed 9088K, reserved 1056768K
  class space    used 1003K, capacity 1058K, committed 1152K, reserved 1048576K
Event: 70.062 GC heap after
Heap after GC invocations=15 (full 5):
 PSYoungGen      total 2288128K, used 1037408K [0x0000000670e00000, 0x000000075e200000, 0x00000007c0000000)
  eden space 917504K, 0% used [0x0000000670e00000,0x0000000670e00000,0x00000006a8e00000)
  from space 1370624K, 75% used [0x0000000701b00000,0x0000000741018000,0x0000000755580000)
  to   space 1455104K, 0% used [0x00000006a8e00000,0x00000006a8e00000,0x0000000701b00000)
 ParOldGen       total 5786112K, used 4393762K [0x00000003d2a00000, 0x0000000533c80000, 0x0000000670e00000)
  object space 5786112K, 75% used [0x00000003d2a00000,0x00000004decc8a68,0x0000000533c80000)
 Metaspace       used 8785K, capacity 8940K, committed 9088K, reserved 1056768K
  class space    used 1003K, capacity 1058K, committed 1152K, reserved 1048576K
}
Event: 76.944 GC heap before
{Heap before GC invocations=16 (full 5):
 PSYoungGen      total 2288128K, used 1954912K [0x0000000670e00000, 0x000000075e200000, 0x00000007c0000000)
  eden space 917504K, 100% used [0x0000000670e00000,0x00000006a8e00000,0x00000006a8e00000)
  from space 1370624K, 75% used [0x0000000701b00000,0x0000000741018000,0x0000000755580000)
  to   space 1455104K, 0% used [0x00000006a8e00000,0x00000006a8e00000,0x0000000701b00000)
 ParOldGen       total 9108480K, used 7715788K [0x00000003d2a00000, 0x00000005fe900000, 0x0000000670e00000)
  object space 9108480K, 84% used [0x00000003d2a00000,0x00000005a98f3048,0x00000005fe900000)
 Metaspace       used 9807K, capacity 9996K, committed 10240K, reserved 1058816K
  class space    used 1135K, capacity 1218K, committed 1280K, reserved 1048576K
Event: 87.701 GC heap after
Heap after GC invocations=16 (full 5):
 PSYoungGen      total 2372608K, used 746719K [0x0000000670e00000, 0x0000000768d80000, 0x00000007c0000000)
  eden space 917504K, 0% used [0x0000000670e00000,0x0000000670e00000,0x00000006a8e00000)
  from space 1455104K, 51% used [0x00000006a8e00000,0x00000006d6737ea0,0x0000000701b00000)
  to   space 1411584K, 0% used [0x0000000712b00000,0x0000000712b00000,0x0000000768d80000)
 ParOldGen       total 9108480K, used 8756068K [0x00000003d2a00000, 0x00000005fe900000, 0x0000000670e00000)
  object space 9108480K, 96% used [0x00000003d2a00000,0x00000005e90d9048,0x00000005fe900000)
 Metaspace       used 9807K, capacity 9996K, committed 10240K, reserved 1058816K
  class space    used 1135K, capacity 1218K, committed 1280K, reserved 1048576K
}
Event: 87.701 GC heap before
{Heap before GC invocations=17 (full 6):
 PSYoungGen      total 2372608K, used 746719K [0x0000000670e00000, 0x0000000768d80000, 0x00000007c0000000)
  eden space 917504K, 0% used [0x0000000670e00000,0x0000000670e00000,0x00000006a8e00000)
  from space 1455104K, 51% used [0x00000006a8e00000,0x00000006d6737ea0,0x0000000701b00000)
  to   space 1411584K, 0% used [0x0000000712b00000,0x0000000712b00000,0x0000000768d80000)
 ParOldGen       total 9108480K, used 8756068K [0x00000003d2a00000, 0x00000005fe900000, 0x0000000670e00000)
  object space 9108480K, 96% used [0x00000003d2a00000,0x00000005e90d9048,0x00000005fe900000)
 Metaspace       used 9807K, capacity 9996K, committed 10240K, reserved 1058816K
  class space    used 1135K, capacity 1218K, committed 1280K, reserved 1048576K

