# JRE version: Java(TM) SE Runtime Environment (8.0_111-b14) (build 1.8.0_111-b14)
# Java VM: Java HotSpot(TM) 64-Bit Server VM (25.111-b14 mixed mode linux-amd64 compressed oops)
Heap:
 PSYoungGen      total 893952K, used 42496K [0x0000000670e00000, 0x00000006ae500000, 0x00000007c0000000)
  eden space 851456K, 0% used [0x0000000670e00000,0x0000000670e00000,0x00000006a4d80000)
  from space 42496K, 100% used [0x00000006a4d80000,0x00000006a7700000,0x00000006a7700000)
  to   space 42496K, 0% used [0x00000006a7700000,0x00000006a7700000,0x00000006aa080000)
 ParOldGen       total 3761664K, used 3418091K [0x00000003d2a00000, 0x00000004b8380000, 0x0000000670e00000)
  object space 3761664K, 90% used [0x00000003d2a00000,0x00000004a33facb8,0x00000004b8380000)
 Metaspace       used 8960K, capacity 9112K, committed 9344K, reserved 1056768K
  class space    used 1031K, capacity 1090K, committed 1152K, reserved 1048576K
GC Heap History (10 events):
Event: 38.828 GC heap after
Heap after GC invocations=4 (full 2):
 PSYoungGen      total 498176K, used 42496K [0x0000000670e00000, 0x0000000695900000, 0x00000007c0000000)
  eden space 455680K, 0% used [0x0000000670e00000,0x0000000670e00000,0x000000068cb00000)
  from space 42496K, 100% used [0x0000000692f80000,0x0000000695900000,0x0000000695900000)
  to   space 42496K, 0% used [0x0000000690600000,0x0000000690600000,0x0000000692f80000)
 ParOldGen       total 1996288K, used 1592807K [0x00000003d2a00000, 0x000000044c780000, 0x0000000670e00000)
  object space 1996288K, 79% used [0x00000003d2a00000,0x0000000433d79e40,0x000000044c780000)
 Metaspace       used 8960K, capacity 9112K, committed 9344K, reserved 1056768K
  class space    used 1031K, capacity 1090K, committed 1152K, reserved 1048576K
}
Event: 42.325 GC heap before
{Heap before GC invocations=5 (full 2):
 PSYoungGen      total 498176K, used 498176K [0x0000000670e00000, 0x0000000695900000, 0x00000007c0000000)
  eden space 455680K, 100% used [0x0000000670e00000,0x000000068cb00000,0x000000068cb00000)
  from space 42496K, 100% used [0x0000000692f80000,0x0000000695900000,0x0000000695900000)
  to   space 42496K, 0% used [0x0000000690600000,0x0000000690600000,0x0000000692f80000)
 ParOldGen       total 1996288K, used 1592807K [0x00000003d2a00000, 0x000000044c780000, 0x0000000670e00000)
  object space 1996288K, 79% used [0x00000003d2a00000,0x0000000433d79e40,0x000000044c780000)
 Metaspace       used 8960K, capacity 9112K, committed 9344K, reserved 1056768K
  class space    used 1031K, capacity 1090K, committed 1152K, reserved 1048576K
Event: 51.585 GC heap after
Heap after GC invocations=5 (full 2):
 PSYoungGen      total 558592K, used 42496K [0x0000000670e00000, 0x00000006aa080000, 0x00000007c0000000)
  eden space 516096K, 0% used [0x0000000670e00000,0x0000000670e00000,0x0000000690600000)
  from space 42496K, 100% used [0x0000000690600000,0x0000000692f80000,0x0000000692f80000)
  to   space 42496K, 0% used [0x00000006a7700000,0x00000006a7700000,0x00000006aa080000)
 ParOldGen       total 2051584K, used 2050239K [0x00000003d2a00000, 0x000000044fd80000, 0x0000000670e00000)
  object space 2051584K, 99% used [0x00000003d2a00000,0x000000044fc2fe40,0x000000044fd80000)
 Metaspace       used 8960K, capacity 9112K, committed 9344K, reserved 1056768K
  class space    used 1031K, capacity 1090K, committed 1152K, reserved 1048576K
}
Event: 51.585 GC heap before
{Heap before GC invocations=6 (full 3):
 PSYoungGen      total 558592K, used 42496K [0x0000000670e00000, 0x00000006aa080000, 0x00000007c0000000)
  eden space 516096K, 0% used [0x0000000670e00000,0x0000000670e00000,0x0000000690600000)
  from space 42496K, 100% used [0x0000000690600000,0x0000000692f80000,0x0000000692f80000)
  to   space 42496K, 0% used [0x00000006a7700000,0x00000006a7700000,0x00000006aa080000)
 ParOldGen       total 2051584K, used 2050239K [0x00000003d2a00000, 0x000000044fd80000, 0x0000000670e00000)
  object space 2051584K, 99% used [0x00000003d2a00000,0x000000044fc2fe40,0x000000044fd80000)
 Metaspace       used 8960K, capacity 9112K, committed 9344K, reserved 1056768K
  class space    used 1031K, capacity 1090K, committed 1152K, reserved 1048576K
Event: 56.707 GC heap after
Heap after GC invocations=6 (full 3):
 PSYoungGen      total 558592K, used 38368K [0x0000000670e00000, 0x00000006aa080000, 0x00000007c0000000)
  eden space 516096K, 0% used [0x0000000670e00000,0x0000000670e00000,0x0000000690600000)
  from space 42496K, 90% used [0x0000000690600000,0x0000000692b783c0,0x0000000692f80000)
  to   space 42496K, 0% used [0x00000006a7700000,0x00000006a7700000,0x00000006aa080000)
 ParOldGen       total 2991104K, used 2051523K [0x00000003d2a00000, 0x0000000489300000, 0x0000000670e00000)
  object space 2991104K, 68% used [0x00000003d2a00000,0x000000044fd70fd8,0x0000000489300000)
 Metaspace       used 8960K, capacity 9112K, committed 9344K, reserved 1056768K
  class space    used 1031K, capacity 1090K, committed 1152K, reserved 1048576K
}
Event: 57.044 GC heap before
{Heap before GC invocations=7 (full 3):
 PSYoungGen      total 558592K, used 554464K [0x0000000670e00000, 0x00000006aa080000, 0x00000007c0000000)
  eden space 516096K, 100% used [0x0000000670e00000,0x0000000690600000,0x0000000690600000)
  from space 42496K, 90% used [0x0000000690600000,0x0000000692b783c0,0x0000000692f80000)
  to   space 42496K, 0% used [0x00000006a7700000,0x00000006a7700000,0x00000006aa080000)
 ParOldGen       total 2991104K, used 2051523K [0x00000003d2a00000, 0x0000000489300000, 0x0000000670e00000)
  object space 2991104K, 68% used [0x00000003d2a00000,0x000000044fd70fd8,0x0000000489300000)
 Metaspace       used 8960K, capacity 9112K, committed 9344K, reserved 1056768K
  class space    used 1031K, capacity 1090K, committed 1152K, reserved 1048576K
Event: 65.697 GC heap after
Heap after GC invocations=7 (full 3):
 PSYoungGen      total 893952K, used 42496K [0x0000000670e00000, 0x00000006ae500000, 0x00000007c0000000)
  eden space 851456K, 0% used [0x0000000670e00000,0x0000000670e00000,0x00000006a4d80000)
  from space 42496K, 100% used [0x00000006a7700000,0x00000006aa080000,0x00000006aa080000)
  to   space 42496K, 0% used [0x00000006a4d80000,0x00000006a4d80000,0x00000006a7700000)
 ParOldGen       total 2991104K, used 2565491K [0x00000003d2a00000, 0x0000000489300000, 0x0000000670e00000)
  object space 2991104K, 85% used [0x00000003d2a00000,0x000000046f35cfd8,0x0000000489300000)
 Metaspace       used 8960K, capacity 9112K, committed 9344K, reserved 1056768K
  class space    used 1031K, capacity 1090K, committed 1152K, reserved 1048576K
}
Event: 65.697 GC heap before
{Heap before GC invocations=8 (full 4):
 PSYoungGen      total 893952K, used 42496K [0x0000000670e00000, 0x00000006ae500000, 0x00000007c0000000)
  eden space 851456K, 0% used [0x0000000670e00000,0x0000000670e00000,0x00000006a4d80000)
  from space 42496K, 100% used [0x00000006a7700000,0x00000006aa080000,0x00000006aa080000)
  to   space 42496K, 0% used [0x00000006a4d80000,0x00000006a4d80000,0x00000006a7700000)
 ParOldGen       total 2991104K, used 2565491K [0x00000003d2a00000, 0x0000000489300000, 0x0000000670e00000)
  object space 2991104K, 85% used [0x00000003d2a00000,0x000000046f35cfd8,0x0000000489300000)
 Metaspace       used 8960K, capacity 9112K, committed 9344K, reserved 1056768K
  class space    used 1031K, capacity 1090K, committed 1152K, reserved 1048576K
Event: 70.796 GC heap after
Heap after GC invocations=8 (full 4):
 PSYoungGen      total 893952K, used 0K [0x0000000670e00000, 0x00000006ae500000, 0x00000007c0000000)
  eden space 851456K, 0% used [0x0000000670e00000,0x0000000670e00000,0x00000006a4d80000)
  from space 42496K, 0% used [0x00000006a7700000,0x00000006a7700000,0x00000006aa080000)
  to   space 42496K, 0% used [0x00000006a4d80000,0x00000006a4d80000,0x00000006a7700000)
 ParOldGen       total 3761664K, used 2605987K [0x00000003d2a00000, 0x00000004b8380000, 0x0000000670e00000)
  object space 3761664K, 69% used [0x00000003d2a00000,0x0000000471ae8cb8,0x00000004b8380000)
 Metaspace       used 8960K, capacity 9112K, committed 9344K, reserved 1056768K
  class space    used 1031K, capacity 1090K, committed 1152K, reserved 1048576K
}
Event: 75.563 GC heap before
{Heap before GC invocations=9 (full 4):
 PSYoungGen      total 893952K, used 851456K [0x0000000670e00000, 0x00000006ae500000, 0x00000007c0000000)
  eden space 851456K, 100% used [0x0000000670e00000,0x00000006a4d80000,0x00000006a4d80000)
  from space 42496K, 0% used [0x00000006a7700000,0x00000006a7700000,0x00000006aa080000)
  to   space 42496K, 0% used [0x00000006a4d80000,0x00000006a4d80000,0x00000006a7700000)
 ParOldGen       total 3761664K, used 2605987K [0x00000003d2a00000, 0x00000004b8380000, 0x0000000670e00000)
  object space 3761664K, 69% used [0x00000003d2a00000,0x0000000471ae8cb8,0x00000004b8380000)
 Metaspace       used 8960K, capacity 9112K, committed 9344K, reserved 1056768K
  class space    used 1031K, capacity 1090K, committed 1152K, reserved 1048576K

